<?xml version="1.0" encoding="UTF-8"?>
<!-- Generated by org.testng.reporters.JUnitXMLReporter -->
<testsuite hostname="WFQH2XPSQ2" failures="2" tests="2" name="Prerequisite_ProjectModule" time="11.004" errors="0" timestamp="8 Dec 2021 09:48:32 GMT">
  <testcase classname="com.zc.webdriver.preRequisite.CreateRateCard_JHS_DR1" name="createRateCardDR1ForJacksonHealthSystem" time="10.993">
    <failure type="java.lang.IllegalStateException" message="The driver executable does not exist: C:\Users\pkhare\eclipse-workspace\ZeroChaos_Project_Latest\libchromeDriver95chromedriver.exe">
      <![CDATA[java.lang.IllegalStateException: The driver executable does not exist: C:\Users\pkhare\eclipse-workspace\ZeroChaos_Project_Latest\libchromeDriver95chromedriver.exe
	at com.google.common.base.Preconditions.checkState(Preconditions.java:585)
	at org.openqa.selenium.remote.service.DriverService.checkExecutable(DriverService.java:146)
	at org.openqa.selenium.remote.service.DriverService.findExecutable(DriverService.java:141)
	at org.openqa.selenium.chrome.ChromeDriverService.access$000(ChromeDriverService.java:35)
	at org.openqa.selenium.chrome.ChromeDriverService$Builder.findDefaultExecutable(ChromeDriverService.java:159)
	at org.openqa.selenium.remote.service.DriverService$Builder.build(DriverService.java:355)
	at org.openqa.selenium.chrome.ChromeDriverService.createDefaultService(ChromeDriverService.java:94)
	at org.openqa.selenium.chrome.ChromeDriver.<init>(ChromeDriver.java:123)
	at com.zc.webdriver.commonLiberaries.WebDriverHelper.invokeBrowser(WebDriverHelper.java:170)
	at com.zc.webdriver.applicationLiberaries.Common.login(Common.java:34)
	at com.zc.webdriver.preRequisite.CreateRateCard_JHS_DR1.createRateCardDR1ForJacksonHealthSystem(CreateRateCard_JHS_DR1.java:30)
	at RegressionClasses.TestClass_Updated.main(TestClass_Updated.java:108)
... Removed 21 stack frames]]>
    </failure>
  </testcase> <!-- createRateCardDR1ForJacksonHealthSystem -->
  <testcase classname="com.zc.webdriver.preRequisite.CreateRateCard_JHS_DR1" name="createRateCardDR1ForJacksonHealthSystem" time="10.999">
    <failure type="java.lang.NullPointerException" message="Cannot invoke &amp;quot;org.openqa.selenium.WebDriver.close()&amp;quot; because &amp;quot;com.zc.webdriver.commonLiberaries.Listener.driver&amp;quot; is null">
      <![CDATA[java.lang.NullPointerException: Cannot invoke "org.openqa.selenium.WebDriver.close()" because "com.zc.webdriver.commonLiberaries.Listener.driver" is null
	at com.zc.webdriver.commonLiberaries.Listener.onTestFailure(Listener.java:149)
	at RegressionClasses.TestClass_Updated.main(TestClass_Updated.java:108)
... Removed 18 stack frames]]>
    </failure>
  </testcase> <!-- createRateCardDR1ForJacksonHealthSystem -->
</testsuite> <!-- Prerequisite_ProjectModule -->
